This file contains any messages produced by compilers while
running configure, to aid debugging if configure makes a mistake.

It was created by XviD configure 1.1.3, which was
generated by GNU Autoconf 2.59.  Invocation command line was

  $ ./configure 

## --------- ##
## Platform. ##
## --------- ##

hostname = s6
uname -m = i686
uname -r = 2.6.8-24.18-default
uname -s = Linux
uname -v = #1 Fri Aug 19 11:56:28 UTC 2005

/usr/bin/uname -p = unknown
/bin/uname -X     = unknown

/bin/arch              = i686
/usr/bin/arch -k       = unknown
/usr/convex/getsysinfo = unknown
hostinfo               = unknown
/bin/machine           = unknown
/usr/bin/oslevel       = unknown
/bin/universe          = unknown

PATH: /home/xvid/bin
PATH: /usr/local/bin
PATH: /usr/bin
PATH: /usr/X11R6/bin
PATH: /bin
PATH: /usr/games
PATH: /opt/gnome/bin


## ----------- ##
## Core tests. ##
## ----------- ##

configure:1421: checking build system type
configure:1439: result: i686-pc-linux-gnu
configure:1447: checking host system type
configure:1461: result: i686-pc-linux-gnu
configure:1469: checking target system type
configure:1483: result: i686-pc-linux-gnu
configure:1499: checking whether to use default CFLAGS
configure:1503: result: yes
configure:1557: checking for gcc
configure:1573: found /usr/bin/gcc
configure:1583: result: gcc
configure:1827: checking for C compiler version
configure:1830: gcc --version </dev/null >&5
gcc (GCC) 3.3.4 (pre 3.3.5 20040809)
Copyright (C) 2003 Free Software Foundation, Inc.
This is free software; see the source for copying conditions.  There is NO
warranty; not even for MERCHANTABILITY or FITNESS FOR A PARTICULAR PURPOSE.

configure:1833: $? = 0
configure:1835: gcc -v </dev/null >&5
Reading specs from /usr/lib/gcc-lib/i586-suse-linux/3.3.4/specs
Configured with: ../configure --enable-threads=posix --prefix=/usr --with-local-prefix=/usr/local --infodir=/usr/share/info --mandir=/usr/share/man --enable-languages=c,c++,f77,objc,java,ada --disable-checking --libdir=/usr/lib --enable-libgcj --with-gxx-include-dir=/usr/include/g++ --with-slibdir=/lib --with-system-zlib --enable-shared --enable-__cxa_atexit i586-suse-linux
Thread model: posix
gcc version 3.3.4 (pre 3.3.5 20040809)
configure:1838: $? = 0
configure:1840: gcc -V </dev/null >&5
gcc: `-V' option must have argument
configure:1843: $? = 1
configure:1866: checking for C compiler default output file name
configure:1869: gcc    conftest.c  >&5
configure:1872: $? = 0
configure:1918: result: a.out
configure:1923: checking whether the C compiler works
configure:1929: ./a.out
configure:1932: $? = 0
configure:1949: result: yes
configure:1956: checking whether we are cross compiling
configure:1958: result: no
configure:1961: checking for suffix of executables
configure:1963: gcc -o conftest    conftest.c  >&5
configure:1966: $? = 0
configure:1991: result: 
configure:1997: checking for suffix of object files
configure:2018: gcc -c   conftest.c >&5
configure:2021: $? = 0
configure:2043: result: o
configure:2047: checking whether we are using the GNU C compiler
configure:2071: gcc -c   conftest.c >&5
configure:2077: $? = 0
configure:2080: test -z 			 || test ! -s conftest.err
configure:2083: $? = 0
configure:2086: test -s conftest.o
configure:2089: $? = 0
configure:2102: result: yes
configure:2108: checking whether gcc accepts -g
configure:2129: gcc -c -g  conftest.c >&5
configure:2135: $? = 0
configure:2138: test -z 			 || test ! -s conftest.err
configure:2141: $? = 0
configure:2144: test -s conftest.o
configure:2147: $? = 0
configure:2158: result: yes
configure:2175: checking for gcc option to accept ANSI C
configure:2245: gcc  -c -g -O2  conftest.c >&5
configure:2251: $? = 0
configure:2254: test -z 			 || test ! -s conftest.err
configure:2257: $? = 0
configure:2260: test -s conftest.o
configure:2263: $? = 0
configure:2281: result: none needed
configure:2299: gcc -c -g -O2  conftest.c >&5
conftest.c:2: error: parse error before "me"
configure:2305: $? = 1
configure: failed program was:
| #ifndef __cplusplus
|   choke me
| #endif
configure:2450: checking for a BSD-compatible install
configure:2505: result: /usr/bin/install -c
configure:2559: checking for ranlib
configure:2575: found /usr/bin/ranlib
configure:2586: result: ranlib
configure:2603: checking for whether to use assembly code
configure:2606: result: yes
configure:2608: checking for architecture type
configure:2612: result: ia32
configure:2651: checking how to run the C preprocessor
configure:2686: gcc -E  conftest.c
configure:2692: $? = 0
configure:2724: gcc -E  conftest.c
conftest.c:9:28: ac_nonexistent.h: No such file or directory
configure:2730: $? = 1
configure: failed program was:
| /* confdefs.h.  */
| 
| #define PACKAGE_NAME "XviD"
| #define PACKAGE_TARNAME "xvid"
| #define PACKAGE_VERSION "1.1.3"
| #define PACKAGE_STRING "XviD 1.1.3"
| #define PACKAGE_BUGREPORT "xvid-devel@xvid.org"
| /* end confdefs.h.  */
| #include <ac_nonexistent.h>
configure:2769: result: gcc -E
configure:2793: gcc -E  conftest.c
configure:2799: $? = 0
configure:2831: gcc -E  conftest.c
conftest.c:9:28: ac_nonexistent.h: No such file or directory
configure:2837: $? = 1
configure: failed program was:
| /* confdefs.h.  */
| 
| #define PACKAGE_NAME "XviD"
| #define PACKAGE_TARNAME "xvid"
| #define PACKAGE_VERSION "1.1.3"
| #define PACKAGE_STRING "XviD 1.1.3"
| #define PACKAGE_BUGREPORT "xvid-devel@xvid.org"
| /* end confdefs.h.  */
| #include <ac_nonexistent.h>
configure:2881: checking for egrep
configure:2891: result: grep -E
configure:2896: checking for ANSI C header files
configure:2921: gcc -c -g -O2  conftest.c >&5
configure:2927: $? = 0
configure:2930: test -z 			 || test ! -s conftest.err
configure:2933: $? = 0
configure:2936: test -s conftest.o
configure:2939: $? = 0
configure:3028: gcc -o conftest -g -O2   conftest.c  >&5
configure:3031: $? = 0
configure:3033: ./conftest
configure:3036: $? = 0
configure:3051: result: yes
configure:3075: checking for sys/types.h
configure:3091: gcc -c -g -O2  conftest.c >&5
configure:3097: $? = 0
configure:3100: test -z 			 || test ! -s conftest.err
configure:3103: $? = 0
configure:3106: test -s conftest.o
configure:3109: $? = 0
configure:3120: result: yes
configure:3075: checking for sys/stat.h
configure:3091: gcc -c -g -O2  conftest.c >&5
configure:3097: $? = 0
configure:3100: test -z 			 || test ! -s conftest.err
configure:3103: $? = 0
configure:3106: test -s conftest.o
configure:3109: $? = 0
configure:3120: result: yes
configure:3075: checking for stdlib.h
configure:3091: gcc -c -g -O2  conftest.c >&5
configure:3097: $? = 0
configure:3100: test -z 			 || test ! -s conftest.err
configure:3103: $? = 0
configure:3106: test -s conftest.o
configure:3109: $? = 0
configure:3120: result: yes
configure:3075: checking for string.h
configure:3091: gcc -c -g -O2  conftest.c >&5
configure:3097: $? = 0
configure:3100: test -z 			 || test ! -s conftest.err
configure:3103: $? = 0
configure:3106: test -s conftest.o
configure:3109: $? = 0
configure:3120: result: yes
configure:3075: checking for memory.h
configure:3091: gcc -c -g -O2  conftest.c >&5
configure:3097: $? = 0
configure:3100: test -z 			 || test ! -s conftest.err
configure:3103: $? = 0
configure:3106: test -s conftest.o
configure:3109: $? = 0
configure:3120: result: yes
configure:3075: checking for strings.h
configure:3091: gcc -c -g -O2  conftest.c >&5
configure:3097: $? = 0
configure:3100: test -z 			 || test ! -s conftest.err
configure:3103: $? = 0
configure:3106: test -s conftest.o
configure:3109: $? = 0
configure:3120: result: yes
configure:3075: checking for inttypes.h
configure:3091: gcc -c -g -O2  conftest.c >&5
configure:3097: $? = 0
configure:3100: test -z 			 || test ! -s conftest.err
configure:3103: $? = 0
configure:3106: test -s conftest.o
configure:3109: $? = 0
configure:3120: result: yes
configure:3075: checking for stdint.h
configure:3091: gcc -c -g -O2  conftest.c >&5
configure:3097: $? = 0
configure:3100: test -z 			 || test ! -s conftest.err
configure:3103: $? = 0
configure:3106: test -s conftest.o
configure:3109: $? = 0
configure:3120: result: yes
configure:3075: checking for unistd.h
configure:3091: gcc -c -g -O2  conftest.c >&5
configure:3097: $? = 0
configure:3100: test -z 			 || test ! -s conftest.err
configure:3103: $? = 0
configure:3106: test -s conftest.o
configure:3109: $? = 0
configure:3120: result: yes
configure:3132: checking for int *
configure:3156: gcc -c -g -O2  conftest.c >&5
configure:3162: $? = 0
configure:3165: test -z 			 || test ! -s conftest.err
configure:3168: $? = 0
configure:3171: test -s conftest.o
configure:3174: $? = 0
configure:3185: result: yes
configure:3188: checking size of int *
configure:3500: gcc -o conftest -g -O2   conftest.c  >&5
configure:3503: $? = 0
configure:3505: ./conftest
configure:3508: $? = 0
configure:3531: result: 4
configure:3554: checking whether byte ordering is bigendian
configure:3581: gcc -c -g -O2  conftest.c >&5
configure:3587: $? = 0
configure:3590: test -z 			 || test ! -s conftest.err
configure:3593: $? = 0
configure:3596: test -s conftest.o
configure:3599: $? = 0
configure:3623: gcc -c -g -O2  conftest.c >&5
conftest.c: In function `main':
conftest.c:27: error: `not' undeclared (first use in this function)
conftest.c:27: error: (Each undeclared identifier is reported only once
conftest.c:27: error: for each function it appears in.)
conftest.c:27: error: parse error before "big"
configure:3629: $? = 1
configure: failed program was:
| /* confdefs.h.  */
| 
| #define PACKAGE_NAME "XviD"
| #define PACKAGE_TARNAME "xvid"
| #define PACKAGE_VERSION "1.1.3"
| #define PACKAGE_STRING "XviD 1.1.3"
| #define PACKAGE_BUGREPORT "xvid-devel@xvid.org"
| #define STDC_HEADERS 1
| #define HAVE_SYS_TYPES_H 1
| #define HAVE_SYS_STAT_H 1
| #define HAVE_STDLIB_H 1
| #define HAVE_STRING_H 1
| #define HAVE_MEMORY_H 1
| #define HAVE_STRINGS_H 1
| #define HAVE_INTTYPES_H 1
| #define HAVE_STDINT_H 1
| #define HAVE_UNISTD_H 1
| #define SIZEOF_INT_P 4
| /* end confdefs.h.  */
| #include <sys/types.h>
| #include <sys/param.h>
| 
| int
| main ()
| {
| #if BYTE_ORDER != BIG_ENDIAN
|  not big endian
| #endif
| 
|   ;
|   return 0;
| }
configure:3762: result: no
configure:3779: checking for build extensions
configure:3786: result: .so .a .o
configure:3822: checking for platform specific LDFLAGS/CFLAGS
configure:3829: result: ok
configure:3906: checking for yasm
configure:3950: result: no
configure:3965: checking for nasm
configure:4009: result: no
configure:4065: WARNING: no correct assembler was found - Compiling generic sources only
configure:4193: checking stdio.h usability
configure:4205: gcc -c -g -O2  conftest.c >&5
configure:4211: $? = 0
configure:4214: test -z 			 || test ! -s conftest.err
configure:4217: $? = 0
configure:4220: test -s conftest.o
configure:4223: $? = 0
configure:4233: result: yes
configure:4237: checking stdio.h presence
configure:4247: gcc -E  conftest.c
configure:4253: $? = 0
configure:4273: result: yes
configure:4308: checking for stdio.h
configure:4315: result: yes
configure:4193: checking signal.h usability
configure:4205: gcc -c -g -O2  conftest.c >&5
configure:4211: $? = 0
configure:4214: test -z 			 || test ! -s conftest.err
configure:4217: $? = 0
configure:4220: test -s conftest.o
configure:4223: $? = 0
configure:4233: result: yes
configure:4237: checking signal.h presence
configure:4247: gcc -E  conftest.c
configure:4253: $? = 0
configure:4273: result: yes
configure:4308: checking for signal.h
configure:4315: result: yes
configure:4184: checking for stdlib.h
configure:4189: result: yes
configure:4184: checking for string.h
configure:4189: result: yes
configure:4193: checking assert.h usability
configure:4205: gcc -c -g -O2  conftest.c >&5
configure:4211: $? = 0
configure:4214: test -z 			 || test ! -s conftest.err
configure:4217: $? = 0
configure:4220: test -s conftest.o
configure:4223: $? = 0
configure:4233: result: yes
configure:4237: checking assert.h presence
configure:4247: gcc -E  conftest.c
configure:4253: $? = 0
configure:4273: result: yes
configure:4308: checking for assert.h
configure:4315: result: yes
configure:4193: checking math.h usability
configure:4205: gcc -c -g -O2  conftest.c >&5
configure:4211: $? = 0
configure:4214: test -z 			 || test ! -s conftest.err
configure:4217: $? = 0
configure:4220: test -s conftest.o
configure:4223: $? = 0
configure:4233: result: yes
configure:4237: checking math.h presence
configure:4247: gcc -E  conftest.c
configure:4253: $? = 0
configure:4273: result: yes
configure:4308: checking for math.h
configure:4315: result: yes
configure:4542: creating ./config.status

## ---------------------- ##
## Running config.status. ##
## ---------------------- ##

This file was extended by XviD config.status 1.1.3, which was
generated by GNU Autoconf 2.59.  Invocation command line was

  CONFIG_FILES    = 
  CONFIG_HEADERS  = 
  CONFIG_LINKS    = 
  CONFIG_COMMANDS = 
  $ ./config.status 

on s6

config.status:718: creating platform.inc

## ---------------- ##
## Cache variables. ##
## ---------------- ##

ac_cv_build=i686-pc-linux-gnu
ac_cv_build_alias=i686-pc-linux-gnu
ac_cv_c_bigendian=no
ac_cv_c_compiler_gnu=yes
ac_cv_env_CC_set=
ac_cv_env_CC_value=
ac_cv_env_CFLAGS_set=
ac_cv_env_CFLAGS_value=
ac_cv_env_CPPFLAGS_set=
ac_cv_env_CPPFLAGS_value=
ac_cv_env_CPP_set=
ac_cv_env_CPP_value=
ac_cv_env_LDFLAGS_set=
ac_cv_env_LDFLAGS_value=
ac_cv_env_build_alias_set=
ac_cv_env_build_alias_value=
ac_cv_env_host_alias_set=
ac_cv_env_host_alias_value=
ac_cv_env_target_alias_set=
ac_cv_env_target_alias_value=
ac_cv_exeext=
ac_cv_header_assert_h=yes
ac_cv_header_inttypes_h=yes
ac_cv_header_math_h=yes
ac_cv_header_memory_h=yes
ac_cv_header_signal_h=yes
ac_cv_header_stdc=yes
ac_cv_header_stdint_h=yes
ac_cv_header_stdio_h=yes
ac_cv_header_stdlib_h=yes
ac_cv_header_string_h=yes
ac_cv_header_strings_h=yes
ac_cv_header_sys_stat_h=yes
ac_cv_header_sys_types_h=yes
ac_cv_header_unistd_h=yes
ac_cv_host=i686-pc-linux-gnu
ac_cv_host_alias=i686-pc-linux-gnu
ac_cv_objext=o
ac_cv_path_install='/usr/bin/install -c'
ac_cv_prog_CPP='gcc -E'
ac_cv_prog_ac_ct_CC=gcc
ac_cv_prog_ac_ct_RANLIB=ranlib
ac_cv_prog_ac_nasm=no
ac_cv_prog_ac_yasm=no
ac_cv_prog_cc_g=yes
ac_cv_prog_cc_stdc=
ac_cv_prog_egrep='grep -E'
ac_cv_sizeof_int_p=4
ac_cv_target=i686-pc-linux-gnu
ac_cv_target_alias=i686-pc-linux-gnu
ac_cv_type_int_p=yes

## ----------------- ##
## Output variables. ##
## ----------------- ##

AFLAGS=''
API_MAJOR='4'
API_MINOR='1'
ARCHITECTURE='GENERIC'
AS=''
ASSEMBLY_EXTENSION=''
ASSEMBLY_SOURCES=''
BUS='32BIT'
CC='gcc'
CFLAGS='-Wall -O2 -fstrength-reduce -finline-functions -freduce-all-givs -ffast-math -fomit-frame-pointer'
CPP='gcc -E'
CPPFLAGS=''
DCT_IA64_SOURCES=''
DEFS='-DPACKAGE_NAME=\"XviD\" -DPACKAGE_TARNAME=\"xvid\" -DPACKAGE_VERSION=\"1.1.3\" -DPACKAGE_STRING=\"XviD\ 1.1.3\" -DPACKAGE_BUGREPORT=\"xvid-devel@xvid.org\" -DSTDC_HEADERS=1 -DHAVE_SYS_TYPES_H=1 -DHAVE_SYS_STAT_H=1 -DHAVE_STDLIB_H=1 -DHAVE_STRING_H=1 -DHAVE_MEMORY_H=1 -DHAVE_STRINGS_H=1 -DHAVE_INTTYPES_H=1 -DHAVE_STDINT_H=1 -DHAVE_UNISTD_H=1 -DSIZEOF_INT_P=4 -DHAVE_STDIO_H=1 -DHAVE_SIGNAL_H=1 -DHAVE_STDLIB_H=1 -DHAVE_STRING_H=1 -DHAVE_ASSERT_H=1 -DHAVE_MATH_H=1 '
ECHO_C=''
ECHO_N='-n'
ECHO_T=''
EGREP='grep -E'
ENDIANNESS='LITTLE_ENDIAN'
EXEEXT=''
FEATURES=''
GENERIC_SOURCES='SRC_GENERIC'
INSTALL_DATA='${INSTALL} -m 644'
INSTALL_PROGRAM='${INSTALL}'
INSTALL_SCRIPT='${INSTALL}'
LDFLAGS=''
LIBOBJS=''
LIBS=''
LTLIBOBJS=''
NASM_FORMAT=''
OBJECT_EXTENSION='o'
OBJEXT='o'
PACKAGE_BUGREPORT='xvid-devel@xvid.org'
PACKAGE_NAME='XviD'
PACKAGE_STRING='XviD 1.1.3'
PACKAGE_TARNAME='xvid'
PACKAGE_VERSION='1.1.3'
PATH_SEPARATOR=':'
PPC_ALTIVEC_SOURCES=''
PRE_SHARED_LIB='libxvidcore.$(SHARED_EXTENSION).$(API_MAJOR).$(API_MINOR)'
RANLIB='ranlib'
SHARED_EXTENSION='so'
SHARED_LIB='libxvidcore.$(SHARED_EXTENSION).$(API_MAJOR).$(API_MINOR)'
SHELL='/bin/sh'
SPECIFIC_CFLAGS='-fPIC '
SPECIFIC_LDFLAGS='-Wl,-soname,libxvidcore.$(SHARED_EXTENSION).$(API_MAJOR) -shared -Wl,--version-script=libxvidcore.ld -lc -lm '
STATIC_EXTENSION='a'
STATIC_LIB='libxvidcore.$(STATIC_EXTENSION)'
ac_ct_CC='gcc'
ac_ct_RANLIB='ranlib'
ac_nasm='no'
ac_yasm='no'
bindir='${exec_prefix}/bin'
build='i686-pc-linux-gnu'
build_alias=''
build_cpu='i686'
build_os='linux-gnu'
build_vendor='pc'
datadir='${prefix}/share'
exec_prefix='${prefix}'
host='i686-pc-linux-gnu'
host_alias=''
host_cpu='i686'
host_os='linux-gnu'
host_vendor='pc'
includedir='${prefix}/include'
infodir='${prefix}/info'
libdir='${exec_prefix}/lib'
libexecdir='${exec_prefix}/libexec'
localstatedir='${prefix}/var'
mandir='${prefix}/man'
oldincludedir='/usr/include'
prefix='/usr/local'
program_transform_name='s,x,x,'
sbindir='${exec_prefix}/sbin'
sharedstatedir='${prefix}/com'
sysconfdir='${prefix}/etc'
target='i686-pc-linux-gnu'
target_alias=''
target_cpu='i686'
target_os='linux-gnu'
target_vendor='pc'

## ----------- ##
## confdefs.h. ##
## ----------- ##

#define HAVE_ASSERT_H 1
#define HAVE_INTTYPES_H 1
#define HAVE_MATH_H 1
#define HAVE_MEMORY_H 1
#define HAVE_SIGNAL_H 1
#define HAVE_STDINT_H 1
#define HAVE_STDIO_H 1
#define HAVE_STDLIB_H 1
#define HAVE_STDLIB_H 1
#define HAVE_STRINGS_H 1
#define HAVE_STRING_H 1
#define HAVE_STRING_H 1
#define HAVE_SYS_STAT_H 1
#define HAVE_SYS_TYPES_H 1
#define HAVE_UNISTD_H 1
#define PACKAGE_BUGREPORT "xvid-devel@xvid.org"
#define PACKAGE_NAME "XviD"
#define PACKAGE_STRING "XviD 1.1.3"
#define PACKAGE_TARNAME "xvid"
#define PACKAGE_VERSION "1.1.3"
#define SIZEOF_INT_P 4
#define STDC_HEADERS 1

configure: exit 0
