21:27:04: Creating resource group General
21:27:04: Creating resource group Internal
21:27:04: Creating resource group Autodetect
21:27:04: SceneManagerFactory for type 'DefaultSceneManager' registered.
21:27:04: Registering ResourceManager for type Material
21:27:04: Registering ResourceManager for type Mesh
21:27:04: Registering ResourceManager for type Skeleton
21:27:04: MovableObjectFactory for type 'ParticleSystem' registered.
21:27:04: OverlayElementFactory for type Panel registered.
21:27:04: OverlayElementFactory for type BorderPanel registered.
21:27:04: OverlayElementFactory for type TextArea registered.
21:27:04: Registering ResourceManager for type Font
21:27:04: ArchiveFactory for archive type FileSystem registered.
21:27:04: ArchiveFactory for archive type Zip registered.
21:27:04: DDS codec registering
21:27:04: FreeImage version: 3.13.1
21:27:04: This program uses FreeImage, a free, open source image library supporting all common bitmap formats. See http://freeimage.sourceforge.net for details
21:27:04: Supported formats: bmp,ico,jpg,jif,jpeg,jpe,jng,koa,iff,lbm,mng,pbm,pbm,pcd,pcx,pgm,pgm,png,ppm,ppm,ras,tga,targa,tif,tiff,wap,wbmp,wbm,psd,cut,xbm,xpm,gif,hdr,g3,sgi,exr,j2k,j2c,jp2,pfm,pct,pict,pic,bay,bmq,cr2,crw,cs1,dc2,dcr,dng,erf,fff,hdr,k25,kdc,mdc,mos,mrw,nef,orf,pef,pxn,raf,raw,rdc,sr2,srf,arw,3fr,cine,ia,kc2,mef,nrw,qtk,rw2,sti,drf,dsc,ptx,cap,iiq,rwz
21:27:04: Registering ResourceManager for type HighLevelGpuProgram
21:27:04: Registering ResourceManager for type Compositor
21:27:04: MovableObjectFactory for type 'Entity' registered.
21:27:04: MovableObjectFactory for type 'Light' registered.
21:27:04: MovableObjectFactory for type 'BillboardSet' registered.
21:27:04: MovableObjectFactory for type 'ManualObject' registered.
21:27:04: MovableObjectFactory for type 'BillboardChain' registered.
21:27:04: MovableObjectFactory for type 'RibbonTrail' registered.
21:27:04: Loading library ./plugins/RenderSystem_Direct3D9_d
21:27:06: Installing plugin: D3D9 RenderSystem
21:27:06: D3D9 : Direct3D9 Rendering Subsystem created.
21:27:06: D3D9: Driver Detection Starts
21:27:06: D3D9: Driver Detection Ends
21:27:06: Plugin successfully installed
21:27:06: Loading library ./plugins/Plugin_PCZSceneManager_d
21:27:08: Installing plugin: Portal Connected Zone Scene Manager
21:27:08: PCZone Factory Type 'ZoneType_Default' registered
21:27:08: Plugin successfully installed
21:27:08: Loading library ./plugins/Plugin_OctreeSceneManager_d
21:27:12: Installing plugin: Octree & Terrain Scene Manager
21:27:12: Plugin successfully installed
21:27:12: *-*-* OGRE Initialising
21:27:12: *-*-* Version 1.7.2 (Cthugha)
21:27:12: Added resource location './' of type 'FileSystem' to resource group 'General'
21:27:12: Added resource location './media/' of type 'FileSystem' to resource group 'General'
21:27:12: Loading library ./samples/Sample_SkyBox_d
21:27:12: OGRE EXCEPTION(7:InternalErrorException): Could not load dynamic library ./samples/Sample_SkyBox_d.  System Error: 找不到指定的模块。
 in DynLib::load at .\src\OgreDynLib.cpp (line 91)
21:27:12: Loading library ./samples/Sample_SkyDome_d
21:27:13: OGRE EXCEPTION(7:InternalErrorException): Could not load dynamic library ./samples/Sample_SkyDome_d.  System Error: 找不到指定的模块。
 in DynLib::load at .\src\OgreDynLib.cpp (line 91)
21:27:13: Loading library ./samples/Sample_SkyPlane_d
21:27:13: OGRE EXCEPTION(7:InternalErrorException): Could not load dynamic library ./samples/Sample_SkyPlane_d.  System Error: 找不到指定的模块。
 in DynLib::load at .\src\OgreDynLib.cpp (line 91)
21:27:13: D3D9 : RenderSystem Option: Allow NVPerfHUD = No
21:27:13: D3D9 : RenderSystem Option: FSAA = 0
21:27:13: D3D9 : RenderSystem Option: Floating-point mode = Fastest
21:27:13: D3D9 : RenderSystem Option: Full Screen = No
21:27:13: D3D9 : RenderSystem Option: Rendering Device = Monitor-1-NVIDIA GeForce 9300M GS
21:27:13: D3D9 : RenderSystem Option: Resource Creation Policy = Create on all devices
21:27:13: D3D9 : RenderSystem Option: VSync = No
21:27:13: D3D9 : RenderSystem Option: VSync Interval = 1
21:27:13: D3D9 : RenderSystem Option: Video Mode = 800 x 600 @ 32-bit colour
21:27:13: D3D9 : RenderSystem Option: sRGB Gamma Conversion = No
21:27:16: CPU Identifier & Features
21:27:16: -------------------------
21:27:16:  *   CPU ID: GenuineIntel: Intel(R) Core(TM)2 Duo CPU     T6500  @ 2.10GHz
21:27:16:  *      SSE: yes
21:27:16:  *     SSE2: yes
21:27:16:  *     SSE3: yes
21:27:16:  *      MMX: yes
21:27:16:  *   MMXEXT: yes
21:27:16:  *    3DNOW: no
21:27:16:  * 3DNOWEXT: no
21:27:16:  *     CMOV: yes
21:27:16:  *      TSC: yes
21:27:16:  *      FPU: yes
21:27:16:  *      PRO: yes
21:27:16:  *       HT: no
21:27:16: -------------------------
21:27:16: D3D9 : Subsystem Initialising
21:27:16: Registering ResourceManager for type Texture
21:27:16: Registering ResourceManager for type GpuProgram
21:27:16: ***************************************
21:27:16: *** D3D9 : Subsystem Initialised OK ***
21:27:16: ***************************************
21:27:16: D3D9RenderSystem::_createRenderWindow "123", 952x478 windowed  miscParams: externalWindowHandle=68710 
21:27:16: D3D9 : Created D3D9 Rendering Window '123' : 952x478, 32bpp
21:27:16: D3D9 : WARNING - disabling VSync in windowed mode can cause timing issues at lower frame rates, turn VSync on if you observe this problem.
21:27:16: D3D9: Vertex texture format supported - PF_FLOAT16_RGB
21:27:16: D3D9: Vertex texture format supported - PF_FLOAT16_RGBA
21:27:16: D3D9: Vertex texture format supported - PF_FLOAT32_RGB
21:27:16: D3D9: Vertex texture format supported - PF_FLOAT32_RGBA
21:27:16: D3D9: Vertex texture format supported - PF_FLOAT16_R
21:27:16: D3D9: Vertex texture format supported - PF_FLOAT32_R
21:27:16: D3D9: Vertex texture format supported - PF_FLOAT16_GR
21:27:16: D3D9: Vertex texture format supported - PF_FLOAT32_GR
21:27:16: RenderSystem capabilities
21:27:16: -------------------------
21:27:16: RenderSystem Name: Direct3D9 Rendering Subsystem
21:27:16: GPU Vendor: nvidia
21:27:16: Device Name: Monitor-1-NVIDIA GeForce 9300M GS
21:27:16: Driver Version: 6.14.12.6099
21:27:16:  * Fixed function pipeline: yes
21:27:16:  * Hardware generation of mipmaps: yes
21:27:16:  * Texture blending: yes
21:27:16:  * Anisotropic texture filtering: yes
21:27:16:  * Dot product texture operation: yes
21:27:16:  * Cube mapping: yes
21:27:16:  * Hardware stencil buffer: yes
21:27:16:    - Stencil depth: 8
21:27:16:    - Two sided stencil support: yes
21:27:16:    - Wrap stencil values: yes
21:27:16:  * Hardware vertex / index buffers: yes
21:27:16:  * Vertex programs: yes
21:27:16:  * Number of floating-point constants for vertex programs: 256
21:27:16:  * Number of integer constants for vertex programs: 16
21:27:16:  * Number of boolean constants for vertex programs: 16
21:27:16:  * Fragment programs: yes
21:27:16:  * Number of floating-point constants for fragment programs: 224
21:27:16:  * Number of integer constants for fragment programs: 16
21:27:16:  * Number of boolean constants for fragment programs: 16
21:27:16:  * Geometry programs: no
21:27:16:  * Number of floating-point constants for geometry programs: 0
21:27:16:  * Number of integer constants for geometry programs: 0
21:27:16:  * Number of boolean constants for geometry programs: 0
21:27:16:  * Supported Shader Profiles: hlsl ps_1_1 ps_1_2 ps_1_3 ps_1_4 ps_2_0 ps_2_a ps_2_b ps_2_x ps_3_0 vs_1_1 vs_2_0 vs_2_a vs_2_x vs_3_0
21:27:16:  * Texture Compression: yes
21:27:16:    - DXT: yes
21:27:16:    - VTC: no
21:27:16:    - PVRTC: no
21:27:16:  * Scissor Rectangle: yes
21:27:16:  * Hardware Occlusion Query: yes
21:27:16:  * User clip planes: yes
21:27:16:  * VET_UBYTE4 vertex element type: yes
21:27:16:  * Infinite far plane projection: yes
21:27:16:  * Hardware render-to-texture: yes
21:27:16:  * Floating point textures: yes
21:27:16:  * Non-power-of-two textures: yes
21:27:16:  * Volume textures: yes
21:27:16:  * Multiple Render Targets: 4
21:27:16:    - With different bit depths: yes
21:27:16:  * Point Sprites: yes
21:27:16:  * Extended point parameters: yes
21:27:16:  * Max Point Size: 10
21:27:16:  * Vertex texture fetch: yes
21:27:16:  * Number of world matrices: 0
21:27:16:  * Number of texture units: 8
21:27:16:  * Stencil buffer depth: 8
21:27:16:  * Number of vertex blend matrices: 0
21:27:16:    - Max vertex textures: 4
21:27:16:    - Vertex textures shared: no
21:27:16:  * Render to Vertex Buffer : no
21:27:16:  * DirectX per stage constants: yes
21:27:16: DefaultWorkQueue('Root') initialising on thread main.
21:27:16: Particle Renderer Type 'billboard' registered
21:27:16: SceneManagerFactory for type 'PCZSceneManager' registered.
21:27:16: MovableObjectFactory for type 'PCZLight' registered.
21:27:16: MovableObjectFactory for type 'Portal' registered.
21:27:16: MovableObjectFactory for type 'AntiPortal' registered.
21:27:16: SceneManagerFactory for type 'OctreeSceneManager' registered.
21:27:16: SceneManagerFactory for type 'TerrainSceneManager' registered.
21:27:16: Parsing scripts for resource group Autodetect
21:27:16: Finished parsing scripts for resource group Autodetect
21:27:16: Parsing scripts for resource group General
21:27:16: Parsing script Penguin.material
21:27:16: Finished parsing scripts for resource group General
21:27:16: Parsing scripts for resource group Internal
21:27:16: Finished parsing scripts for resource group Internal
21:27:16: Mesh: Loading skinsShape.mesh.
21:27:16: Skeleton: Loading skinsShape.skeleton
21:27:22: D3D9 Device 0x[001DE200] entered lost state
21:27:22: D3D9 : WARNING - disabling VSync in windowed mode can cause timing issues at lower frame rates, turn VSync on if you observe this problem.
21:27:22: OGRE EXCEPTION(3:RenderingAPIException): Cannot reset device! in D3D9RenderWindow::reset at .\src\OgreD3D9Device.cpp (line 421)
