13:38:37: Creating resource group General
13:38:37: Creating resource group Internal
13:38:37: Creating resource group Autodetect
13:38:37: Registering ResourceManager for type Mesh
13:38:37: Registering ResourceManager for type Material
13:38:37: Registering ResourceManager for type Skeleton
13:38:37: XMLMeshSerializer reading mesh data from box.mesh.xml...
13:38:37: Reading submeshes...
13:38:37: Reading geometry...
13:38:37: Geometry done...
13:38:37: Submeshes done.
13:38:37: Reading mesh names...
13:38:37: Mesh names done.
13:38:37: XMLMeshSerializer import successful.
13:38:37: Reorganising vertex buffers to automatic layout..
13:38:37: MeshSerializer writing mesh data to box.mesh...
13:38:37: File header written.
13:38:37: Writing mesh data...
13:38:37: Writing submesh...
13:38:37: Exporting submesh texture aliases...
13:38:37: Submesh texture aliases exported.
13:38:37: Submesh exported.
13:38:37: Exporting bounds information....
13:38:37: Bounds information exported.
13:38:37: Exporting submesh name table...
13:38:37: Submesh name table exported.
13:38:37: Exporting edge lists...
13:38:37: Edge lists exported
13:38:37: Exporting animation roll
13:38:37: Animation exported.
13:38:37: Mesh data exported.
13:38:37: MeshSerializer export successful.
13:38:37: Unregistering ResourceManager for type Skeleton
13:38:37: Unregistering ResourceManager for type Material
13:38:37: Unregistering ResourceManager for type Mesh
